#
# A fatal error has been detected by the Java Runtime Environment:
#
#  Internal Error (javaCalls.cpp:51), pid=14667, tid=0x0000000000004f03
#  guarantee(thread->is_Java_thread()) failed: crucial check - the VM thread cannot and must not escape to Java code
#
# JRE version: Java(TM) SE Runtime Environment (8.0_191-b12) (build 1.8.0_191-b12)
# Java VM: Java HotSpot(TM) 64-Bit Server VM (25.191-b12 mixed mode bsd-amd64 compressed oops)
# Failed to write core dump. Core dumps have been disabled. To enable core dumping, try "ulimit -c unlimited" before starting Java again
#
# If you would like to submit a bug report, please visit:
#   http://bugreport.java.com/bugreport/crash.jsp
#

---------------  T H R E A D  ---------------

Current thread (0x00007ff41405d800):  VMThread [stack: 0x000070000eac7000,0x000070000ebc7000] [id=20227]

Stack: [0x000070000eac7000,0x000070000ebc7000],  sp=0x000070000ebc5610,  free space=1017k
Native frames: (J=compiled Java code, j=interpreted, Vv=VM code, C=native code)
V  [libjvm.dylib+0x5b55da]
V  [libjvm.dylib+0x1e8ec9]
V  [libjvm.dylib+0x2ef0a0]
V  [libjvm.dylib+0x2ef958]
V  [libjvm.dylib+0x2efe8b]
V  [libjvm.dylib+0x243885]
V  [libjvm.dylib+0x243980]
V  [libjvm.dylib+0x243bdf]
V  [libjvm.dylib+0x243bfa]
V  [libjvm.dylib+0x2878cb]
V  [libjvm.dylib+0x28795b]
V  [libjvm.dylib+0x28895b]
V  [libjvm.dylib+0x28a530]
V  [libjvm.dylib+0x28a77f]
V  [libjvm.dylib+0x28ad16]
V  [libjvm.dylib+0x28b12f]
V  [libjvm.dylib+0x48506d]
V  [libjvm.dylib+0x485276]
V  [libjvm.dylib+0x485457]
V  [libjvm.dylib+0x48570e]
V  [libjvm.dylib+0x2c2848]
V  [libjvm.dylib+0x452da9]
V  [libjvm.dylib+0x39ad03]
V  [libjvm.dylib+0x5bd259]
V  [libjvm.dylib+0x5bb7f1]
V  [libjvm.dylib+0x5bbc3e]
V  [libjvm.dylib+0x5bb55d]
V  [libjvm.dylib+0x48e0be]
C  [libsystem_pthread.dylib+0x3661]  _pthread_body+0x154
C  [libsystem_pthread.dylib+0x350d]  _pthread_body+0x0
C  [libsystem_pthread.dylib+0x2bf9]  thread_start+0xd

VM_Operation (0x000070000efd2938): GetOrSetLocal, mode: safepoint, requested by thread 0x00007ff414807000


---------------  P R O C E S S  ---------------

Java Threads: ( => current thread )
  0x00007ff41cd45000 JavaThread "http-nio-auto-1-55844-AsyncTimeout" daemon [_thread_blocked, id=38403, stack(0x0000700010921000,0x0000700010a21000)]
  0x00007ff41cd44000 JavaThread "http-nio-auto-1-Acceptor-0" daemon [_thread_in_native, id=38659, stack(0x000070001081e000,0x000070001091e000)]
  0x00007ff41cd43800 JavaThread "http-nio-auto-1-ClientPoller-1" daemon [_thread_blocked, id=27395, stack(0x000070001071b000,0x000070001081b000)]
  0x00007ff42293f000 JavaThread "http-nio-auto-1-ClientPoller-0" daemon [_thread_blocked, id=39171, stack(0x0000700010618000,0x0000700010718000)]
  0x00007ff414a8f000 JavaThread "http-nio-auto-1-exec-10" daemon [_thread_blocked, id=39683, stack(0x0000700010515000,0x0000700010615000)]
  0x00007ff41d1ef800 JavaThread "http-nio-auto-1-exec-9" daemon [_thread_blocked, id=26883, stack(0x0000700010412000,0x0000700010512000)]
  0x00007ff414921800 JavaThread "http-nio-auto-1-exec-8" daemon [_thread_blocked, id=40195, stack(0x000070001030f000,0x000070001040f000)]
  0x00007ff42293e000 JavaThread "http-nio-auto-1-exec-7" daemon [_thread_blocked, id=26115, stack(0x000070001020c000,0x000070001030c000)]
  0x00007ff417800000 JavaThread "http-nio-auto-1-exec-6" daemon [_thread_blocked, id=40451, stack(0x0000700010109000,0x0000700010209000)]
  0x00007ff41b6a4000 JavaThread "http-nio-auto-1-exec-5" daemon [_thread_blocked, id=25347, stack(0x0000700010006000,0x0000700010106000)]
  0x00007ff42293d800 JavaThread "http-nio-auto-1-exec-4" daemon [_thread_blocked, id=25091, stack(0x000070000ff03000,0x0000700010003000)]
  0x00007ff42293c000 JavaThread "http-nio-auto-1-exec-3" daemon [_thread_blocked, id=40963, stack(0x000070000fe00000,0x000070000ff00000)]
  0x00007ff41da44800 JavaThread "http-nio-auto-1-exec-2" daemon [_thread_blocked, id=41219, stack(0x000070000fcfd000,0x000070000fdfd000)]
  0x00007ff41da49000 JavaThread "http-nio-auto-1-exec-1" daemon [_thread_blocked, id=23815, stack(0x000070000faf7000,0x000070000fbf7000)]
  0x00007ff42018a000 JavaThread "NioBlockingSelector.BlockPoller-1" daemon [_thread_blocked, id=24327, stack(0x000070000fbfa000,0x000070000fcfa000)]
  0x00007ff420262000 JavaThread "HikariPool-1 housekeeper" daemon [_thread_blocked, id=23559, stack(0x000070000f9f4000,0x000070000faf4000)]
  0x00007ff41eaf3000 JavaThread "container-0" [_thread_blocked, id=42247, stack(0x000070000f8f1000,0x000070000f9f1000)]
  0x00007ff41a011000 JavaThread "ContainerBackgroundProcessor[StandardEngine[Tomcat]]" daemon [_thread_in_Java, id=3847, stack(0x000070000f7ee000,0x000070000f8ee000)]
  0x00007ff415a72000 JavaThread "Service Thread" daemon [_thread_blocked, id=23043, stack(0x000070000f5e8000,0x000070000f6e8000)]
  0x00007ff41701d000 JavaThread "C1 CompilerThread3" daemon [_thread_blocked, id=22531, stack(0x000070000f4e5000,0x000070000f5e5000)]
  0x00007ff41701c800 JavaThread "C2 CompilerThread2" daemon [_thread_blocked, id=43011, stack(0x000070000f3e2000,0x000070000f4e2000)]
  0x00007ff41701b800 JavaThread "C2 CompilerThread1" daemon [_thread_blocked, id=22019, stack(0x000070000f2df000,0x000070000f3df000)]
  0x00007ff41701b000 JavaThread "C2 CompilerThread0" daemon [_thread_blocked, id=16643, stack(0x000070000f1dc000,0x000070000f2dc000)]
  0x00007ff417801000 JavaThread "JDWP Command Reader" daemon [_thread_in_native, id=16387, stack(0x000070000f0d9000,0x000070000f1d9000)]
  0x00007ff418800000 JavaThread "JDWP Event Helper Thread" daemon [_thread_blocked, id=17411, stack(0x000070000efd6000,0x000070000f0d6000)]
  0x00007ff414807000 JavaThread "JDWP Transport Listener: dt_socket" daemon [_thread_blocked, id=15879, stack(0x000070000eed3000,0x000070000efd3000)]
  0x00007ff416810000 JavaThread "Signal Dispatcher" daemon [_thread_blocked, id=15363, stack(0x000070000edd0000,0x000070000eed0000)]
  0x00007ff414809800 JavaThread "Finalizer" daemon [_thread_blocked, id=19203, stack(0x000070000eccd000,0x000070000edcd000)]
  0x00007ff417004000 JavaThread "Reference Handler" daemon [_thread_blocked, id=19715, stack(0x000070000ebca000,0x000070000ecca000)]
  0x00007ff415002800 JavaThread "main" [_thread_blocked, id=9987, stack(0x000070000dfa6000,0x000070000e0a6000)]

Other Threads:
=>0x00007ff41405d800 VMThread [stack: 0x000070000eac7000,0x000070000ebc7000] [id=20227]
  0x00007ff41704a800 WatcherThread [stack: 0x000070000f6eb000,0x000070000f7eb000] [id=42499]

VM state:at safepoint (normal execution)

VM Mutex/Monitor currently owned by a thread:  ([mutex/lock_event])
[0x00007ff416002140] Threads_lock - owner thread: 0x00007ff41405d800

Heap:
 PSYoungGen      total 501760K, used 64321K [0x0000000715580000, 0x0000000737980000, 0x00000007c0000000)
  eden space 482304K, 9% used [0x0000000715580000,0x000000071815f838,0x0000000732c80000)
  from space 19456K, 99% used [0x0000000736680000,0x0000000737970f78,0x0000000737980000)
  to   space 23040K, 0% used [0x0000000734c80000,0x0000000734c80000,0x0000000736300000)
 ParOldGen       total 362496K, used 33966K [0x00000005c0000000, 0x00000005d6200000, 0x0000000715580000)
  object space 362496K, 9% used [0x00000005c0000000,0x00000005c212ba08,0x00000005d6200000)
 Metaspace       used 72854K, capacity 75805K, committed 75944K, reserved 1114112K
  class space    used 9869K, capacity 10364K, committed 10408K, reserved 1048576K

Card table byte_map: [0x000000010f1b4000,0x00000001101b5000] byte_map_base: 0x000000010c3b4000

Marking Bits: (ParMarkBitMap*) 0x000000010e6f9e00
 Begin Bits: [0x00000001258ec000, 0x000000012d8ec000)
 End Bits:   [0x000000012d8ec000, 0x00000001358ec000)

Polling page: 0x000000010c538000

CodeCache: size=245760Kb used=18517Kb max_used=20262Kb free=227242Kb
 bounds [0x00000001168ec000, 0x0000000117d2c000, 0x00000001258ec000]
 total_blobs=5488 nmethods=4899 adapters=509
 compilation: enabled

Compilation events (10 events):
Event: 32.960 Thread 0x00007ff41701b800 nmethod 5918 0x000000011791a290 code [0x000000011791a420, 0x000000011791ae48]
Event: 33.010 Thread 0x00007ff41701b000 nmethod 5859 0x000000011730d850 code [0x000000011730e1e0, 0x000000011731c658]
Event: 33.214 Thread 0x00007ff41701d000 5929       3       java.util.IdentityHashMap::<init> (44 bytes)
Event: 33.215 Thread 0x00007ff41701d000 nmethod 5929 0x0000000116e74450 code [0x0000000116e74680, 0x0000000116e751c8]
Event: 448.298 Thread 0x00007ff41701b800 5930       4       org.groovy.debug.hotswap.ResetAgent::removeTimestampField (63 bytes)
Event: 448.389 Thread 0x00007ff41701b800 nmethod 5930 0x0000000116d33350 code [0x0000000116d334a0, 0x0000000116d335f8]
Event: 1067.461 Thread 0x00007ff41701d000 5932       3       java.nio.channels.spi.AbstractInterruptibleChannel::blockedOn (13 bytes)
Event: 1067.461 Thread 0x00007ff41701d000 nmethod 5932 0x0000000116ac9490 code [0x0000000116ac9620, 0x0000000116ac9b30]
Event: 1067.462 Thread 0x00007ff41701d000 5933       3       java.lang.System$2::blockedOn (6 bytes)
Event: 1067.462 Thread 0x00007ff41701d000 nmethod 5933 0x0000000117b9c5d0 code [0x0000000117b9c740, 0x0000000117b9cb50]

GC Heap History (10 events):
Event: 5.239 GC heap before
{Heap before GC invocations=7 (full 2):
 PSYoungGen      total 237056K, used 9385K [0x0000000715580000, 0x000000072ce80000, 0x00000007c0000000)
  eden space 215552K, 0% used [0x0000000715580000,0x0000000715580000,0x0000000722800000)
  from space 21504K, 43% used [0x0000000722800000,0x000000072312a6f8,0x0000000723d00000)
  to   space 12288K, 0% used [0x000000072c280000,0x000000072c280000,0x000000072ce80000)
 ParOldGen       total 180736K, used 8010K [0x00000005c0000000, 0x00000005cb080000, 0x0000000715580000)
  object space 180736K, 4% used [0x00000005c0000000,0x00000005c07d2960,0x00000005cb080000)
 Metaspace       used 34274K, capacity 35477K, committed 35496K, reserved 1079296K
  class space    used 4491K, capacity 4758K, committed 4776K, reserved 1048576K
Event: 5.269 GC heap after
Heap after GC invocations=7 (full 2):
 PSYoungGen      total 237056K, used 0K [0x0000000715580000, 0x000000072ce80000, 0x00000007c0000000)
  eden space 215552K, 0% used [0x0000000715580000,0x0000000715580000,0x0000000722800000)
  from space 21504K, 0% used [0x0000000722800000,0x0000000722800000,0x0000000723d00000)
  to   space 12288K, 0% used [0x000000072c280000,0x000000072c280000,0x000000072ce80000)
 ParOldGen       total 253952K, used 13774K [0x00000005c0000000, 0x00000005cf800000, 0x0000000715580000)
  object space 253952K, 5% used [0x00000005c0000000,0x00000005c0d73958,0x00000005cf800000)
 Metaspace       used 34274K, capacity 35477K, committed 35496K, reserved 1079296K
  class space    used 4491K, capacity 4758K, committed 4776K, reserved 1048576K
}
Event: 7.318 GC heap before
{Heap before GC invocations=8 (full 2):
 PSYoungGen      total 237056K, used 215552K [0x0000000715580000, 0x000000072ce80000, 0x00000007c0000000)
  eden space 215552K, 100% used [0x0000000715580000,0x0000000722800000,0x0000000722800000)
  from space 21504K, 0% used [0x0000000722800000,0x0000000722800000,0x0000000723d00000)
  to   space 12288K, 0% used [0x000000072c280000,0x000000072c280000,0x000000072ce80000)
 ParOldGen       total 253952K, used 13774K [0x00000005c0000000, 0x00000005cf800000, 0x0000000715580000)
  object space 253952K, 5% used [0x00000005c0000000,0x00000005c0d73958,0x00000005cf800000)
 Metaspace       used 44074K, capacity 45747K, committed 45864K, reserved 1089536K
  class space    used 5621K, capacity 5921K, committed 5928K, reserved 1048576K
Event: 7.328 GC heap after
Heap after GC invocations=8 (full 2):
 PSYoungGen      total 350208K, used 12262K [0x0000000715580000, 0x000000072ce80000, 0x00000007c0000000)
  eden space 337920K, 0% used [0x0000000715580000,0x0000000715580000,0x0000000729f80000)
  from space 12288K, 99% used [0x000000072c280000,0x000000072ce79800,0x000000072ce80000)
  to   space 15360K, 0% used [0x000000072b080000,0x000000072b080000,0x000000072bf80000)
 ParOldGen       total 253952K, used 16877K [0x00000005c0000000, 0x00000005cf800000, 0x0000000715580000)
  object space 253952K, 6% used [0x00000005c0000000,0x00000005c107b6b8,0x00000005cf800000)
 Metaspace       used 44074K, capacity 45747K, committed 45864K, reserved 1089536K
  class space    used 5621K, capacity 5921K, committed 5928K, reserved 1048576K
}
Event: 9.195 GC heap before
{Heap before GC invocations=9 (full 2):
 PSYoungGen      total 350208K, used 213258K [0x0000000715580000, 0x000000072ce80000, 0x00000007c0000000)
  eden space 337920K, 59% used [0x0000000715580000,0x00000007219c9318,0x0000000729f80000)
  from space 12288K, 99% used [0x000000072c280000,0x000000072ce79800,0x000000072ce80000)
  to   space 15360K, 0% used [0x000000072b080000,0x000000072b080000,0x000000072bf80000)
 ParOldGen       total 253952K, used 16877K [0x00000005c0000000, 0x00000005cf800000, 0x0000000715580000)
  object space 253952K, 6% used [0x00000005c0000000,0x00000005c107b6b8,0x00000005cf800000)
 Metaspace       used 57130K, capacity 59011K, committed 59160K, reserved 1099776K
  class space    used 7708K, capacity 8069K, committed 8104K, reserved 1048576K
Event: 9.210 GC heap after
Heap after GC invocations=9 (full 2):
 PSYoungGen      total 370688K, used 15332K [0x0000000715580000, 0x0000000737b00000, 0x00000007c0000000)
  eden space 355328K, 0% used [0x0000000715580000,0x0000000715580000,0x000000072b080000)
  from space 15360K, 99% used [0x000000072b080000,0x000000072bf79328,0x000000072bf80000)
  to   space 20992K, 0% used [0x0000000736680000,0x0000000736680000,0x0000000737b00000)
 ParOldGen       total 253952K, used 24545K [0x00000005c0000000, 0x00000005cf800000, 0x0000000715580000)
  object space 253952K, 9% used [0x00000005c0000000,0x00000005c17f8598,0x00000005cf800000)
 Metaspace       used 57130K, capacity 59011K, committed 59160K, reserved 1099776K
  class space    used 7708K, capacity 8069K, committed 8104K, reserved 1048576K
}
Event: 9.210 GC heap before
{Heap before GC invocations=10 (full 3):
 PSYoungGen      total 370688K, used 15332K [0x0000000715580000, 0x0000000737b00000, 0x00000007c0000000)
  eden space 355328K, 0% used [0x0000000715580000,0x0000000715580000,0x000000072b080000)
  from space 15360K, 99% used [0x000000072b080000,0x000000072bf79328,0x000000072bf80000)
  to   space 20992K, 0% used [0x0000000736680000,0x0000000736680000,0x0000000737b00000)
 ParOldGen       total 253952K, used 24545K [0x00000005c0000000, 0x00000005cf800000, 0x0000000715580000)
  object space 253952K, 9% used [0x00000005c0000000,0x00000005c17f8598,0x00000005cf800000)
 Metaspace       used 57130K, capacity 59011K, committed 59160K, reserved 1099776K
  class space    used 7708K, capacity 8069K, committed 8104K, reserved 1048576K
Event: 9.325 GC heap after
Heap after GC invocations=10 (full 3):
 PSYoungGen      total 370688K, used 0K [0x0000000715580000, 0x0000000737b00000, 0x00000007c0000000)
  eden space 355328K, 0% used [0x0000000715580000,0x0000000715580000,0x000000072b080000)
  from space 15360K, 0% used [0x000000072b080000,0x000000072b080000,0x000000072bf80000)
  to   space 20992K, 0% used [0x0000000736680000,0x0000000736680000,0x0000000737b00000)
 ParOldGen       total 362496K, used 33939K [0x00000005c0000000, 0x00000005d6200000, 0x0000000715580000)
  object space 362496K, 9% used [0x00000005c0000000,0x00000005c2124db8,0x00000005d6200000)
 Metaspace       used 57130K, capacity 59011K, committed 59160K, reserved 1099776K
  class space    used 7708K, capacity 8069K, committed 8104K, reserved 1048576K
}
Event: 32.729 GC heap before
{Heap before GC invocations=11 (full 3):
 PSYoungGen      total 370688K, used 355328K [0x0000000715580000, 0x0000000737b00000, 0x00000007c0000000)
  eden space 355328K, 100% used [0x0000000715580000,0x000000072b080000,0x000000072b080000)
  from space 15360K, 0% used [0x000000072b080000,0x000000072b080000,0x000000072bf80000)
  to   space 20992K, 0% used [0x0000000736680000,0x0000000736680000,0x0000000737b00000)
 ParOldGen       total 362496K, used 33939K [0x00000005c0000000, 0x00000005d6200000, 0x0000000715580000)
  object space 362496K, 9% used [0x00000005c0000000,0x00000005c2124db8,0x00000005d6200000)
 Metaspace       used 71421K, capacity 74343K, committed 74536K, reserved 1114112K
  class space    used 9678K, capacity 10163K, committed 10280K, reserved 1048576K
Event: 32.741 GC heap after
Heap after GC invocations=11 (full 3):
 PSYoungGen      total 501760K, used 19395K [0x0000000715580000, 0x0000000737980000, 0x00000007c0000000)
  eden space 482304K, 0% used [0x0000000715580000,0x0000000715580000,0x0000000732c80000)
  from space 19456K, 99% used [0x0000000736680000,0x0000000737970f78,0x0000000737980000)
  to   space 23040K, 0% used [0x0000000734c80000,0x0000000734c80000,0x0000000736300000)
 ParOldGen       total 362496K, used 33966K [0x00000005c0000000, 0x00000005d6200000, 0x0000000715580000)
  object space 362496K, 9% used [0x00000005c0000000,0x00000005c212ba08,0x00000005d6200000)
 Metaspace       used 71421K, capacity 74343K, committed 74536K, reserved 1114112K
  class space    used 9678K, capacity 10163K, committed 10280K, reserved 1048576K
}

Deoptimization events (10 events):
Event: 32.356 Thread 0x00007ff415002800 Uncommon trap: reason=unstable_if action=reinterpret pc=0x0000000117bd123c method=java.util.regex.Pattern$Curly.match0(Ljava/util/regex/Matcher;IILjava/lang/CharSequence;)Z @ 5
Event: 32.563 Thread 0x00007ff415002800 Uncommon trap: reason=unstable_if action=reinterpret pc=0x0000000117ca2228 method=ch.qos.logback.classic.Logger.isTraceEnabled(Lorg/slf4j/Marker;)Z @ 23
Event: 32.706 Thread 0x00007ff415002800 Uncommon trap: reason=unstable_if action=reinterpret pc=0x0000000116bcb59c method=java.lang.CharacterDataLatin1.digit(II)I @ 82
Event: 32.861 Thread 0x00007ff41da49000 Uncommon trap: reason=bimorphic action=maybe_recompile pc=0x0000000116a8d620 method=java.util.regex.Pattern$CharProperty.match(Ljava/util/regex/Matcher;ILjava/lang/CharSequence;)Z @ 37
Event: 32.861 Thread 0x00007ff41da49000 Uncommon trap: reason=bimorphic action=maybe_recompile pc=0x0000000116a8d620 method=java.util.regex.Pattern$CharProperty.match(Ljava/util/regex/Matcher;ILjava/lang/CharSequence;)Z @ 37
Event: 32.883 Thread 0x00007ff41da49000 Uncommon trap: reason=unstable_if action=reinterpret pc=0x000000011789ab00 method=java.lang.invoke.MethodType.checkPtypes([Ljava/lang/Class;)I @ 40
Event: 32.889 Thread 0x00007ff41da49000 Uncommon trap: reason=unstable_if action=reinterpret pc=0x0000000117982eb8 method=org.springframework.asm.Type.getArgumentsAndReturnSizes(Ljava/lang/String;)I @ 109
Event: 448.297 Thread 0x00007ff414807000 Uncommon trap: reason=unstable_if action=reinterpret pc=0x0000000116fabcb0 method=org.groovy.debug.hotswap.ResetAgent$1.transform(Ljava/lang/ClassLoader;Ljava/lang/String;Ljava/lang/Class;Ljava/security/ProtectionDomain;[B)[B @ 1
Event: 448.298 Thread 0x00007ff414807000 Uncommon trap: reason=unstable_if action=reinterpret pc=0x00000001174ad4ac method=org.groovy.debug.hotswap.ResetAgent$1.transform(Ljava/lang/ClassLoader;Ljava/lang/String;Ljava/lang/Class;Ljava/security/ProtectionDomain;[B)[B @ 1
Event: 1081.017 Thread 0x00007ff414807000 Uncommon trap: reason=unstable_if action=reinterpret pc=0x000000011732d904 method=java.lang.Class.reflectionData()Ljava/lang/Class$ReflectionData; @ 37

Classes redefined (4 events):
Event: 448.354 Thread 0x00007ff41405d800 redefined class name=nextstep.web.QuestionController, count=1
Event: 448.386 Thread 0x00007ff41405d800 redefined class name=nextstep.web.AnswerAcceptanceTest, count=1
Event: 1081.063 Thread 0x00007ff41405d800 redefined class name=nextstep.web.QuestionController, count=2
Event: 1081.095 Thread 0x00007ff41405d800 redefined class name=nextstep.web.AnswerAcceptanceTest, count=2

Internal exceptions (10 events):
Event: 32.825 Thread 0x00007ff41da49000 Exception <a 'java/lang/ClassNotFoundException': org/springframework/web/servlet/theme/AbstractThemeResolverCustomizer> (0x0000000716265120) thrown at [/Users/java_re/workspace/8-2-build-macosx-x86_64/jdk8u191/11896/hotspot/src/share/vm/classfile/systemDi
Event: 32.825 Thread 0x00007ff41da49000 Exception <a 'java/lang/ClassNotFoundException': org/springframework/web/servlet/theme/FixedThemeResolverCustomizer> (0x000000071628e1f8) thrown at [/Users/java_re/workspace/8-2-build-macosx-x86_64/jdk8u191/11896/hotspot/src/share/vm/classfile/systemDicti
Event: 32.826 Thread 0x00007ff41da49000 Exception <a 'java/lang/ClassNotFoundException': org/springframework/web/servlet/ThemeResolverCustomizer> (0x00000007162b35e8) thrown at [/Users/java_re/workspace/8-2-build-macosx-x86_64/jdk8u191/11896/hotspot/src/share/vm/classfile/systemDictionary.cpp, 
Event: 32.829 Thread 0x00007ff41da49000 Exception <a 'java/lang/ClassNotFoundException': java/lang/ObjectCustomizer> (0x00000007162e7728) thrown at [/Users/java_re/workspace/8-2-build-macosx-x86_64/jdk8u191/11896/hotspot/src/share/vm/classfile/systemDictionary.cpp, line 210]
Event: 32.830 Thread 0x00007ff41da49000 Exception <a 'java/lang/ClassNotFoundException': org/springframework/web/servlet/view/DefaultRequestToViewNameTranslatorCustomizer> (0x0000000716316828) thrown at [/Users/java_re/workspace/8-2-build-macosx-x86_64/jdk8u191/11896/hotspot/src/share/vm/classf
Event: 32.831 Thread 0x00007ff41da49000 Exception <a 'java/lang/ClassNotFoundException': org/springframework/web/servlet/RequestToViewNameTranslatorCustomizer> (0x000000071634f858) thrown at [/Users/java_re/workspace/8-2-build-macosx-x86_64/jdk8u191/11896/hotspot/src/share/vm/classfile/systemDi
Event: 32.835 Thread 0x00007ff41da49000 Exception <a 'java/lang/ClassNotFoundException': java/lang/ObjectCustomizer> (0x00000007163a4f80) thrown at [/Users/java_re/workspace/8-2-build-macosx-x86_64/jdk8u191/11896/hotspot/src/share/vm/classfile/systemDictionary.cpp, line 210]
Event: 32.836 Thread 0x00007ff41da49000 Exception <a 'java/lang/ClassNotFoundException': org/springframework/web/servlet/support/AbstractFlashMapManagerCustomizer> (0x00000007163d0f10) thrown at [/Users/java_re/workspace/8-2-build-macosx-x86_64/jdk8u191/11896/hotspot/src/share/vm/classfile/syst
Event: 32.837 Thread 0x00007ff41da49000 Exception <a 'java/lang/ClassNotFoundException': org/springframework/web/servlet/support/SessionFlashMapManagerCustomizer> (0x0000000716400d68) thrown at [/Users/java_re/workspace/8-2-build-macosx-x86_64/jdk8u191/11896/hotspot/src/share/vm/classfile/syste
Event: 32.837 Thread 0x00007ff41da49000 Exception <a 'java/lang/ClassNotFoundException': org/springframework/web/servlet/FlashMapManagerCustomizer> (0x0000000716426318) thrown at [/Users/java_re/workspace/8-2-build-macosx-x86_64/jdk8u191/11896/hotspot/src/share/vm/classfile/systemDictionary.cpp

Events (10 events):
Event: 1081.166 Executing VM operation: ChangeBreakpoints done
Event: 1081.176 Executing VM operation: ChangeBreakpoints
Event: 1081.180 Executing VM operation: ChangeBreakpoints done
Event: 1081.182 Executing VM operation: ChangeBreakpoints
Event: 1081.184 Executing VM operation: ChangeBreakpoints done
Event: 1081.231 Executing VM operation: ChangeBreakpoints
Event: 1081.234 Executing VM operation: ChangeBreakpoints done
Event: 1081.245 Executing VM operation: ChangeBreakpoints
Event: 1081.247 Executing VM operation: ChangeBreakpoints done
Event: 1081.296 Executing VM operation: GetOrSetLocal


Dynamic libraries:
0x00007fff3caa3000 	/System/Library/Frameworks/Cocoa.framework/Versions/A/Cocoa
0x00007fff490bc000 	/System/Library/Frameworks/Security.framework/Versions/A/Security
0x00007fff3b6e5000 	/System/Library/Frameworks/ApplicationServices.framework/Versions/A/ApplicationServices
0x00007fff64fd3000 	/usr/lib/libz.1.dylib
0x00007fff62f04000 	/usr/lib/libSystem.B.dylib
0x00007fff645bd000 	/usr/lib/libobjc.A.dylib
0x00007fff3d256000 	/System/Library/Frameworks/CoreFoundation.framework/Versions/A/CoreFoundation
0x00007fff3f3b7000 	/System/Library/Frameworks/Foundation.framework/Versions/C/Foundation
0x00007fff3a835000 	/System/Library/Frameworks/AppKit.framework/Versions/C/AppKit
0x00007fff3ce1b000 	/System/Library/Frameworks/CoreData.framework/Versions/A/CoreData
0x00007fff5c7c2000 	/System/Library/PrivateFrameworks/RemoteViewServices.framework/Versions/A/RemoteViewServices
0x00007fff60f36000 	/System/Library/PrivateFrameworks/UIFoundation.framework/Versions/A/UIFoundation
0x00007fff515d1000 	/System/Library/PrivateFrameworks/DFRFoundation.framework/Versions/A/DFRFoundation
0x00007fff41a23000 	/System/Library/Frameworks/Metal.framework/Versions/A/Metal
0x00007fff5176e000 	/System/Library/PrivateFrameworks/DesktopServicesPriv.framework/Versions/A/DesktopServicesPriv
0x00007fff63b0a000 	/usr/lib/libenergytrace.dylib
0x00007fff5efa2000 	/System/Library/PrivateFrameworks/SkyLight.framework/Versions/A/SkyLight
0x00007fff3d6f9000 	/System/Library/Frameworks/CoreGraphics.framework/Versions/A/CoreGraphics
0x00007fff62eff000 	/usr/lib/libScreenReader.dylib
0x00007fff397cf000 	/System/Library/Frameworks/Accelerate.framework/Versions/A/Accelerate
0x00007fff3fb31000 	/System/Library/Frameworks/IOSurface.framework/Versions/A/IOSurface
0x00007fff3bc2f000 	/System/Library/Frameworks/AudioToolbox.framework/Versions/A/AudioToolbox
0x00007fff3bebf000 	/System/Library/Frameworks/AudioUnit.framework/Versions/A/AudioUnit
0x00007fff51669000 	/System/Library/PrivateFrameworks/DataDetectorsCore.framework/Versions/A/DataDetectorsCore
0x00007fff3c596000 	/System/Library/Frameworks/Carbon.framework/Versions/A/Frameworks/HIToolbox.framework/Versions/A/HIToolbox
0x00007fff63c64000 	/usr/lib/libicucore.A.dylib
0x00007fff4863b000 	/System/Library/Frameworks/QuartzCore.framework/Versions/A/QuartzCore
0x00007fff5e244000 	/System/Library/PrivateFrameworks/SignpostNotification.framework/Versions/A/SignpostNotification
0x00007fff3c97c000 	/System/Library/Frameworks/Carbon.framework/Versions/A/Frameworks/SpeechRecognition.framework/Versions/A/SpeechRecognition
0x00007fff63060000 	/usr/lib/libauto.dylib
0x00007fff64ec2000 	/usr/lib/libxml2.2.dylib
0x00007fff51221000 	/System/Library/PrivateFrameworks/CoreUI.framework/Versions/A/CoreUI
0x00007fff3ccf7000 	/System/Library/Frameworks/CoreAudio.framework/Versions/A/CoreAudio
0x00007fff3f1f1000 	/System/Library/Frameworks/DiskArbitration.framework/Versions/A/DiskArbitration
0x00007fff63ed8000 	/usr/lib/liblangid.dylib
0x00007fff58ccd000 	/System/Library/PrivateFrameworks/MultitouchSupport.framework/Versions/A/MultitouchSupport
0x00007fff3fa94000 	/System/Library/Frameworks/IOKit.framework/Versions/A/IOKit
0x00007fff62b8e000 	/usr/lib/libDiagnosticMessagesClient.dylib
0x00007fff3e3cf000 	/System/Library/Frameworks/CoreServices.framework/Versions/A/CoreServices
0x00007fff5a7fe000 	/System/Library/PrivateFrameworks/PerformanceAnalysis.framework/Versions/A/PerformanceAnalysis
0x00007fff477dd000 	/System/Library/Frameworks/OpenGL.framework/Versions/A/OpenGL
0x00007fff3cab1000 	/System/Library/Frameworks/ColorSync.framework/Versions/A/ColorSync
0x00007fff3dd0b000 	/System/Library/Frameworks/CoreImage.framework/Versions/A/CoreImage
0x00007fff3ed5f000 	/System/Library/Frameworks/CoreText.framework/Versions/A/CoreText
0x00007fff3fb8f000 	/System/Library/Frameworks/ImageIO.framework/Versions/A/ImageIO
0x00007fff4decd000 	/System/Library/PrivateFrameworks/Backup.framework/Versions/A/Backup
0x00007fff62fb0000 	/usr/lib/libarchive.2.dylib
0x00007fff3c1e2000 	/System/Library/Frameworks/CFNetwork.framework/Versions/A/CFNetwork
0x00007fff4984f000 	/System/Library/Frameworks/SystemConfiguration.framework/Versions/A/SystemConfiguration
0x00007fff62ab7000 	/usr/lib/libCRFSuite.dylib
0x00007fff63139000 	/usr/lib/libc++.1.dylib
0x00007fff63190000 	/usr/lib/libc++abi.dylib
0x00007fff65081000 	/usr/lib/system/libcache.dylib
0x00007fff65086000 	/usr/lib/system/libcommonCrypto.dylib
0x00007fff65091000 	/usr/lib/system/libcompiler_rt.dylib
0x00007fff65099000 	/usr/lib/system/libcopyfile.dylib
0x00007fff650a3000 	/usr/lib/system/libcorecrypto.dylib
0x00007fff651b0000 	/usr/lib/system/libdispatch.dylib
0x00007fff651ea000 	/usr/lib/system/libdyld.dylib
0x00007fff65208000 	/usr/lib/system/libkeymgr.dylib
0x00007fff65216000 	/usr/lib/system/liblaunch.dylib
0x00007fff65217000 	/usr/lib/system/libmacho.dylib
0x00007fff6521c000 	/usr/lib/system/libquarantine.dylib
0x00007fff6521f000 	/usr/lib/system/libremovefile.dylib
0x00007fff65221000 	/usr/lib/system/libsystem_asl.dylib
0x00007fff65239000 	/usr/lib/system/libsystem_blocks.dylib
0x00007fff6523a000 	/usr/lib/system/libsystem_c.dylib
0x00007fff652c4000 	/usr/lib/system/libsystem_configuration.dylib
0x00007fff652c8000 	/usr/lib/system/libsystem_coreservices.dylib
0x00007fff652cc000 	/usr/lib/system/libsystem_darwin.dylib
0x00007fff652ce000 	/usr/lib/system/libsystem_dnssd.dylib
0x00007fff652d5000 	/usr/lib/system/libsystem_info.dylib
0x00007fff65346000 	/usr/lib/system/libsystem_m.dylib
0x00007fff65392000 	/usr/lib/system/libsystem_malloc.dylib
0x00007fff653b2000 	/usr/lib/system/libsystem_network.dylib
0x00007fff654e3000 	/usr/lib/system/libsystem_networkextension.dylib
0x00007fff654ee000 	/usr/lib/system/libsystem_notify.dylib
0x00007fff6550c000 	/usr/lib/system/libsystem_sandbox.dylib
0x00007fff65510000 	/usr/lib/system/libsystem_secinit.dylib
0x00007fff6531f000 	/usr/lib/system/libsystem_kernel.dylib
0x00007fff654f8000 	/usr/lib/system/libsystem_platform.dylib
0x00007fff65500000 	/usr/lib/system/libsystem_pthread.dylib
0x00007fff65512000 	/usr/lib/system/libsystem_symptoms.dylib
0x00007fff6551a000 	/usr/lib/system/libsystem_trace.dylib
0x00007fff6552f000 	/usr/lib/system/libunwind.dylib
0x00007fff65535000 	/usr/lib/system/libxpc.dylib
0x00007fff629ca000 	/usr/lib/closure/libclosured.dylib
0x00007fff6311a000 	/usr/lib/libbsm.0.dylib
0x00007fff65209000 	/usr/lib/system/libkxld.dylib
0x00007fff62dc8000 	/usr/lib/libOpenScriptingUtil.dylib
0x00007fff63489000 	/usr/lib/libcoretls.dylib
0x00007fff634a2000 	/usr/lib/libcoretls_cfhelpers.dylib
0x00007fff649be000 	/usr/lib/libpam.2.dylib
0x00007fff64ae5000 	/usr/lib/libsqlite3.dylib
0x00007fff64eb1000 	/usr/lib/libxar.1.dylib
0x00007fff6312b000 	/usr/lib/libbz2.1.0.dylib
0x00007fff63eda000 	/usr/lib/liblzma.5.dylib
0x00007fff643bb000 	/usr/lib/libnetwork.dylib
0x00007fff62f99000 	/usr/lib/libapple_nghttp2.dylib
0x00007fff649c5000 	/usr/lib/libpcap.A.dylib
0x00007fff63061000 	/usr/lib/libboringssl.dylib
0x00007fff64e4c000 	/usr/lib/libusrtcp.dylib
0x00007fff62f98000 	/usr/lib/libapple_crypto.dylib
0x00007fff3e752000 	/System/Library/Frameworks/CoreServices.framework/Versions/A/Frameworks/FSEvents.framework/Versions/A/FSEvents
0x00007fff3e445000 	/System/Library/Frameworks/CoreServices.framework/Versions/A/Frameworks/CarbonCore.framework/Versions/A/CarbonCore
0x00007fff3e919000 	/System/Library/Frameworks/CoreServices.framework/Versions/A/Frameworks/Metadata.framework/Versions/A/Metadata
0x00007fff3e9ca000 	/System/Library/Frameworks/CoreServices.framework/Versions/A/Frameworks/OSServices.framework/Versions/A/OSServices
0x00007fff3ea2b000 	/System/Library/Frameworks/CoreServices.framework/Versions/A/Frameworks/SearchKit.framework/Versions/A/SearchKit
0x00007fff3e3d0000 	/System/Library/Frameworks/CoreServices.framework/Versions/A/Frameworks/AE.framework/Versions/A/AE
0x00007fff3e75b000 	/System/Library/Frameworks/CoreServices.framework/Versions/A/Frameworks/LaunchServices.framework/Versions/A/LaunchServices
0x00007fff3e71d000 	/System/Library/Frameworks/CoreServices.framework/Versions/A/Frameworks/DictionaryServices.framework/Versions/A/DictionaryServices
0x00007fff3ea9a000 	/System/Library/Frameworks/CoreServices.framework/Versions/A/Frameworks/SharedFileList.framework/Versions/A/SharedFileList
0x00007fff42c59000 	/System/Library/Frameworks/NetFS.framework/Versions/A/NetFS
0x00007fff58f5e000 	/System/Library/PrivateFrameworks/NetAuth.framework/Versions/A/NetAuth
0x00007fff62861000 	/System/Library/PrivateFrameworks/login.framework/Versions/A/Frameworks/loginsupport.framework/Versions/A/loginsupport
0x00007fff60bb3000 	/System/Library/PrivateFrameworks/TCC.framework/Versions/A/TCC
0x00007fff63fbb000 	/usr/lib/libmecabra.dylib
0x00007fff3b6e6000 	/System/Library/Frameworks/ApplicationServices.framework/Versions/A/Frameworks/ATS.framework/Versions/A/ATS
0x00007fff3ba94000 	/System/Library/Frameworks/ApplicationServices.framework/Versions/A/Frameworks/ColorSyncLegacy.framework/Versions/A/ColorSyncLegacy
0x00007fff3bb38000 	/System/Library/Frameworks/ApplicationServices.framework/Versions/A/Frameworks/HIServices.framework/Versions/A/HIServices
0x00007fff3bb8b000 	/System/Library/Frameworks/ApplicationServices.framework/Versions/A/Frameworks/LangAnalysis.framework/Versions/A/LangAnalysis
0x00007fff3bb9a000 	/System/Library/Frameworks/ApplicationServices.framework/Versions/A/Frameworks/PrintCore.framework/Versions/A/PrintCore
0x00007fff3bbe7000 	/System/Library/Frameworks/ApplicationServices.framework/Versions/A/Frameworks/QD.framework/Versions/A/QD
0x00007fff3bc22000 	/System/Library/Frameworks/ApplicationServices.framework/Versions/A/Frameworks/SpeechSynthesis.framework/Versions/A/SpeechSynthesis
0x00007fff3d172000 	/System/Library/Frameworks/CoreDisplay.framework/Versions/A/CoreDisplay
0x00007fff397e7000 	/System/Library/Frameworks/Accelerate.framework/Versions/A/Frameworks/vImage.framework/Versions/A/vImage
0x00007fff3a541000 	/System/Library/Frameworks/Accelerate.framework/Versions/A/Frameworks/vecLib.framework/Versions/A/vecLib
0x00007fff3a2e1000 	/System/Library/Frameworks/Accelerate.framework/Versions/A/Frameworks/vecLib.framework/Versions/A/libvDSP.dylib
0x00007fff39e41000 	/System/Library/Frameworks/Accelerate.framework/Versions/A/Frameworks/vecLib.framework/Versions/A/libBNNS.dylib
0x00007fff3a246000 	/System/Library/Frameworks/Accelerate.framework/Versions/A/Frameworks/vecLib.framework/Versions/A/libQuadrature.dylib
0x00007fff3a48f000 	/System/Library/Frameworks/Accelerate.framework/Versions/A/Frameworks/vecLib.framework/Versions/A/libvMisc.dylib
0x00007fff39e70000 	/System/Library/Frameworks/Accelerate.framework/Versions/A/Frameworks/vecLib.framework/Versions/A/libLAPACK.dylib
0x00007fff39ce6000 	/System/Library/Frameworks/Accelerate.framework/Versions/A/Frameworks/vecLib.framework/Versions/A/libBLAS.dylib
0x00007fff3a230000 	/System/Library/Frameworks/Accelerate.framework/Versions/A/Frameworks/vecLib.framework/Versions/A/libLinearAlgebra.dylib
0x00007fff3a24c000 	/System/Library/Frameworks/Accelerate.framework/Versions/A/Frameworks/vecLib.framework/Versions/A/libSparse.dylib
0x00007fff3a2cd000 	/System/Library/Frameworks/Accelerate.framework/Versions/A/Frameworks/vecLib.framework/Versions/A/libSparseBLAS.dylib
0x00007fff55dad000 	/System/Library/PrivateFrameworks/GPUWrangler.framework/Versions/A/GPUWrangler
0x00007fff5753e000 	/System/Library/PrivateFrameworks/IOAccelerator.framework/Versions/A/IOAccelerator
0x00007fff57549000 	/System/Library/PrivateFrameworks/IOPresentment.framework/Versions/A/IOPresentment
0x00007fff515e3000 	/System/Library/PrivateFrameworks/DSExternalDisplay.framework/Versions/A/DSExternalDisplay
0x00007fff46c5c000 	/System/Library/Frameworks/OpenGL.framework/Versions/A/Libraries/libCoreFSCache.dylib
0x00007fff3eeb0000 	/System/Library/Frameworks/CoreVideo.framework/Versions/A/CoreVideo
0x00007fff56b28000 	/System/Library/PrivateFrameworks/GraphVisualizer.framework/Versions/A/GraphVisualizer
0x00007fff41c5a000 	/System/Library/Frameworks/MetalPerformanceShaders.framework/Versions/A/MetalPerformanceShaders
0x00007fff62bc6000 	/usr/lib/libFosl_dynamic.dylib
0x00007fff526b7000 	/System/Library/PrivateFrameworks/FaceCore.framework/Versions/A/FaceCore
0x00007fff45a57000 	/System/Library/Frameworks/OpenCL.framework/Versions/A/OpenCL
0x00007fff631c7000 	/usr/lib/libcompression.dylib
0x00007fff3b7e5000 	/System/Library/Frameworks/ApplicationServices.framework/Versions/A/Frameworks/ATS.framework/Versions/A/Resources/libFontParser.dylib
0x00007fff3b908000 	/System/Library/Frameworks/ApplicationServices.framework/Versions/A/Frameworks/ATS.framework/Versions/A/Resources/libFontRegistry.dylib
0x00007fff3fdf7000 	/System/Library/Frameworks/ImageIO.framework/Versions/A/Resources/libJPEG.dylib
0x00007fff40120000 	/System/Library/Frameworks/ImageIO.framework/Versions/A/Resources/libTIFF.dylib
0x00007fff400f6000 	/System/Library/Frameworks/ImageIO.framework/Versions/A/Resources/libPng.dylib
0x00007fff3fd0a000 	/System/Library/Frameworks/ImageIO.framework/Versions/A/Resources/libGIF.dylib
0x00007fff3fd0f000 	/System/Library/Frameworks/ImageIO.framework/Versions/A/Resources/libJP2.dylib
0x00007fff4011d000 	/System/Library/Frameworks/ImageIO.framework/Versions/A/Resources/libRadiance.dylib
0x00007fff4d5f7000 	/System/Library/PrivateFrameworks/AppleJPEG.framework/Versions/A/AppleJPEG
0x00007fff41ac1000 	/System/Library/Frameworks/MetalPerformanceShaders.framework/Frameworks/MPSCore.framework/Versions/A/MPSCore
0x00007fff41add000 	/System/Library/Frameworks/MetalPerformanceShaders.framework/Frameworks/MPSImage.framework/Versions/A/MPSImage
0x00007fff41b72000 	/System/Library/Frameworks/MetalPerformanceShaders.framework/Frameworks/MPSNeuralNetwork.framework/Versions/A/MPSNeuralNetwork
0x00007fff41b4d000 	/System/Library/Frameworks/MetalPerformanceShaders.framework/Frameworks/MPSMatrix.framework/Versions/A/MPSMatrix
0x00007fff58a3f000 	/System/Library/PrivateFrameworks/MetalTools.framework/Versions/A/MetalTools
0x00007fff46e27000 	/System/Library/Frameworks/OpenGL.framework/Versions/A/Libraries/libGLU.dylib
0x00007fff46c67000 	/System/Library/Frameworks/OpenGL.framework/Versions/A/Libraries/libGFXShared.dylib
0x00007fff46c71000 	/System/Library/Frameworks/OpenGL.framework/Versions/A/Libraries/libGL.dylib
0x00007fff46c7d000 	/System/Library/Frameworks/OpenGL.framework/Versions/A/Libraries/libGLImage.dylib
0x00007fff46c59000 	/System/Library/Frameworks/OpenGL.framework/Versions/A/Libraries/libCVMSPluginSupport.dylib
0x00007fff46c62000 	/System/Library/Frameworks/OpenGL.framework/Versions/A/Libraries/libCoreVMClient.dylib
0x00007fff63974000 	/usr/lib/libcups.2.dylib
0x00007fff41028000 	/System/Library/Frameworks/Kerberos.framework/Versions/A/Kerberos
0x00007fff3f7ee000 	/System/Library/Frameworks/GSS.framework/Versions/A/GSS
0x00007fff64a78000 	/usr/lib/libresolv.9.dylib
0x00007fff63b72000 	/usr/lib/libiconv.2.dylib
0x00007fff56bba000 	/System/Library/PrivateFrameworks/Heimdal.framework/Versions/A/Heimdal
0x00007fff63b41000 	/usr/lib/libheimdal-asn1.dylib
0x00007fff45acf000 	/System/Library/Frameworks/OpenDirectory.framework/Versions/A/OpenDirectory
0x00007fff4f90e000 	/System/Library/PrivateFrameworks/CommonAuth.framework/Versions/A/CommonAuth
0x00007fff45ab2000 	/System/Library/Frameworks/OpenDirectory.framework/Versions/A/Frameworks/CFOpenDirectory.framework/Versions/A/CFOpenDirectory
0x00007fff493e8000 	/System/Library/Frameworks/SecurityFoundation.framework/Versions/A/SecurityFoundation
0x00007fff4c7bc000 	/System/Library/PrivateFrameworks/APFS.framework/Versions/A/APFS
0x00007fff64ead000 	/usr/lib/libutil.dylib
0x00007fff4d67a000 	/System/Library/PrivateFrameworks/AppleSauce.framework/Versions/A/AppleSauce
0x00007fff57d26000 	/System/Library/PrivateFrameworks/LinguisticData.framework/Versions/A/LinguisticData
0x00007fff63ef4000 	/usr/lib/libmarisa.dylib
0x00007fff57ce0000 	/System/Library/PrivateFrameworks/Lexicon.framework/Versions/A/Lexicon
0x00007fff62af1000 	/usr/lib/libChineseTokenizer.dylib
0x00007fff631b6000 	/usr/lib/libcmph.dylib
0x00007fff57bea000 	/System/Library/PrivateFrameworks/LanguageModeling.framework/Versions/A/LanguageModeling
0x00007fff5042b000 	/System/Library/PrivateFrameworks/CoreEmoji.framework/Versions/A/CoreEmoji
0x00007fff494a6000 	/System/Library/Frameworks/ServiceManagement.framework/Versions/A/ServiceManagement
0x00007fff4dec5000 	/System/Library/PrivateFrameworks/BackgroundTaskManagement.framework/Versions/A/BackgroundTaskManagement
0x00007fff64faa000 	/usr/lib/libxslt.1.dylib
0x00007fff3c8a6000 	/System/Library/Frameworks/Carbon.framework/Versions/A/Frameworks/Ink.framework/Versions/A/Ink
0x00007fff60dc8000 	/System/Library/PrivateFrameworks/TextureIO.framework/Versions/A/TextureIO
0x00007fff62fdb000 	/usr/lib/libate.dylib
0x00007fff51542000 	/System/Library/PrivateFrameworks/CrashReporterSupport.framework/Versions/A/CrashReporterSupport
0x00007fff5e104000 	/System/Library/PrivateFrameworks/Sharing.framework/Versions/A/Sharing
0x00007fff5792b000 	/System/Library/PrivateFrameworks/IconServices.framework/Versions/A/IconServices
0x00007fff4daf5000 	/System/Library/PrivateFrameworks/AuthKit.framework/Versions/A/AuthKit
0x00007fff4d47a000 	/System/Library/PrivateFrameworks/Apple80211.framework/Versions/A/Apple80211
0x00007fff51357000 	/System/Library/PrivateFrameworks/CoreUtils.framework/Versions/A/CoreUtils
0x00007fff3eeeb000 	/System/Library/Frameworks/CoreWLAN.framework/Versions/A/CoreWLAN
0x00007fff3f930000 	/System/Library/Frameworks/IOBluetooth.framework/Versions/A/IOBluetooth
0x00007fff5c5cd000 	/System/Library/PrivateFrameworks/ProtocolBuffer.framework/Versions/A/ProtocolBuffer
0x00007fff58c28000 	/System/Library/PrivateFrameworks/MobileKeyBag.framework/Versions/A/MobileKeyBag
0x00007fff50bcf000 	/System/Library/PrivateFrameworks/CorePhoneNumbers.framework/Versions/A/CorePhoneNumbers
0x00007fff4d5b2000 	/System/Library/PrivateFrameworks/AppleIDAuthSupport.framework/Versions/A/AppleIDAuthSupport
0x00007fff57bd6000 	/System/Library/PrivateFrameworks/KeychainCircle.framework/Versions/A/KeychainCircle
0x00007fff514dd000 	/System/Library/PrivateFrameworks/CoreWiFi.framework/Versions/A/CoreWiFi
0x00007fff3cdf1000 	/System/Library/Frameworks/CoreBluetooth.framework/Versions/A/CoreBluetooth
0x00007fff5172d000 	/System/Library/PrivateFrameworks/DebugSymbols.framework/Versions/A/DebugSymbols
0x00007fff5110d000 	/System/Library/PrivateFrameworks/CoreSymbolication.framework/Versions/A/CoreSymbolication
0x00007fff605ba000 	/System/Library/PrivateFrameworks/Symbolication.framework/Versions/A/Symbolication
0x00007fff4d4a4000 	/System/Library/PrivateFrameworks/AppleFSCompression.framework/Versions/A/AppleFSCompression
0x00007fff5fa07000 	/System/Library/PrivateFrameworks/SpeechRecognitionCore.framework/Versions/A/SpeechRecognitionCore
0x000000010de00000 	/Library/Java/JavaVirtualMachines/jdk1.8.0_191.jdk/Contents/Home/jre/lib/server/libjvm.dylib
0x00007fff64d7a000 	/usr/lib/libstdc++.6.0.9.dylib
0x000000010c4f4000 	/Library/Java/JavaVirtualMachines/jdk1.8.0_191.jdk/Contents/Home/jre/lib/libverify.dylib
0x000000010c502000 	/Library/Java/JavaVirtualMachines/jdk1.8.0_191.jdk/Contents/Home/jre/lib/libjava.dylib
0x000000010c539000 	/Library/Java/JavaVirtualMachines/jdk1.8.0_191.jdk/Contents/Home/jre/lib/libjdwp.dylib
0x000000010c584000 	/Library/Java/JavaVirtualMachines/jdk1.8.0_191.jdk/Contents/Home/jre/lib/libnpt.dylib
0x000000010c588000 	/Library/Java/JavaVirtualMachines/jdk1.8.0_191.jdk/Contents/Home/jre/lib/libinstrument.dylib
0x000000010c5e6000 	/Library/Java/JavaVirtualMachines/jdk1.8.0_191.jdk/Contents/Home/jre/lib/libzip.dylib
0x000000010c5f9000 	/Library/Java/JavaVirtualMachines/jdk1.8.0_191.jdk/Contents/Home/jre/lib/libdt_socket.dylib
0x0000000136085000 	/Library/Java/JavaVirtualMachines/jdk1.8.0_191.jdk/Contents/Home/jre/lib/libnio.dylib
0x0000000136095000 	/Library/Java/JavaVirtualMachines/jdk1.8.0_191.jdk/Contents/Home/jre/lib/./libnet.dylib
0x0000000135b68000 	/Library/Java/JavaVirtualMachines/jdk1.8.0_191.jdk/Contents/Home/jre/lib/libmanagement.dylib
0x0000000135a0e000 	/Library/Java/JavaVirtualMachines/jdk1.8.0_191.jdk/Contents/Home/jre/lib/libsunec.dylib

VM Arguments:
jvm_args: -agentlib:jdwp=transport=dt_socket,address=127.0.0.1:55841,suspend=y,server=n -ea -Didea.test.cyclic.buffer.size=1048576 -javaagent:/Users/hwandol/Library/Caches/IntelliJIdea2018.2/groovyHotSwap/gragent.jar -javaagent:/Users/hwandol/Library/Caches/IntelliJIdea2018.2/captureAgent/debugger-agent.jar=file:/private/var/folders/tm/bmbd860n42sb0ghrjzzrvnkc0000gn/T/capture.props -Dfile.encoding=UTF-8 
java_command: com.intellij.rt.execution.junit.JUnitStarter -ideVersion5 -junit4 nextstep.web.AnswerAcceptanceTest,deleteAnswer_withLogin
java_class_path (initial): /Applications/IntelliJ IDEA.app/Contents/lib/idea_rt.jar:/Applications/IntelliJ IDEA.app/Contents/plugins/junit/lib/junit-rt.jar:/Applications/IntelliJ IDEA.app/Contents/plugins/junit/lib/junit5-rt.jar:/Library/Java/JavaVirtualMachines/jdk1.8.0_191.jdk/Contents/Home/jre/lib/charsets.jar:/Library/Java/JavaVirtualMachines/jdk1.8.0_191.jdk/Contents/Home/jre/lib/deploy.jar:/Library/Java/JavaVirtualMachines/jdk1.8.0_191.jdk/Contents/Home/jre/lib/ext/cldrdata.jar:/Library/Java/JavaVirtualMachines/jdk1.8.0_191.jdk/Contents/Home/jre/lib/ext/dnsns.jar:/Library/Java/JavaVirtualMachines/jdk1.8.0_191.jdk/Contents/Home/jre/lib/ext/jaccess.jar:/Library/Java/JavaVirtualMachines/jdk1.8.0_191.jdk/Contents/Home/jre/lib/ext/jfxrt.jar:/Library/Java/JavaVirtualMachines/jdk1.8.0_191.jdk/Contents/Home/jre/lib/ext/localedata.jar:/Library/Java/JavaVirtualMachines/jdk1.8.0_191.jdk/Contents/Home/jre/lib/ext/nashorn.jar:/Library/Java/JavaVirtualMachines/jdk1.8.0_191.jdk/Contents/Home/jre/lib/ext/sunec.jar:/Library/Java/JavaVirtualMachines/jdk1.8.0_191.jdk/Contents/Home/jre/lib/ext/sunjce_provider.jar:/Library/Java/JavaVirtualMachines/jdk1.8.0_191.jdk/Contents/Home/jre/lib/ext/sunpkcs11.jar:/Library/Java/JavaVirtualMachines/jdk1.8.0_191.jdk/Contents/Home/jre/lib/ext/zipfs.jar:/Library/Java/JavaVirtualMachines/jdk1.8.0_191.jdk/Contents/Home/jre/lib/javaws.jar:/Library/Java/JavaVirtualMachines/jdk1.8.0_191.jdk/Contents/Home/jre/lib/jce.jar:/Library/Java/JavaVirtualMachines/jdk1.8.0_191.jdk/Contents/Home/jre/lib/jfr.jar:/Library/Java/JavaVirtualMachines/jdk1.8.0_191.jdk/Contents/Home/jre/lib/jfxswt.jar:/Library/Java/JavaVirtualMachines/jdk1.8.0_191.jdk/Contents/Home/jre/lib/jsse.jar:/Library/Java/JavaVirtualMachines/jdk1.8.0_191.jdk/Contents/Home/jre/lib/management-agent.jar:/Library/Java/JavaVirtualMachines/jdk1.8.0_191.jdk/Contents/Home/jre/lib/plugin.jar:/Library/Java/JavaVirtualMachines/jdk1.8.0_191.jdk/Contents/Home/jre/lib/resources.jar:/Library/Java/JavaVirtualM
Launcher Type: SUN_STANDARD

Environment Variables:
PATH=/usr/local/bin:/usr/bin:/bin:/usr/sbin:/sbin
SHELL=/bin/bash

Signal Handlers:
SIGSEGV: [libjvm.dylib+0x5b5de9], sa_mask[0]=11111111011111110111111111111111, sa_flags=SA_ONSTACK|SA_RESTART|SA_SIGINFO
SIGBUS: [libjvm.dylib+0x5b5de9], sa_mask[0]=11111111011111110111111111111111, sa_flags=SA_RESTART|SA_SIGINFO
SIGFPE: [libjvm.dylib+0x48b6b0], sa_mask[0]=11111111011111110111111111111111, sa_flags=SA_RESTART|SA_SIGINFO
SIGPIPE: [libjvm.dylib+0x48b6b0], sa_mask[0]=11111111011111110111111111111111, sa_flags=SA_RESTART|SA_SIGINFO
SIGXFSZ: [libjvm.dylib+0x48b6b0], sa_mask[0]=11111111011111110111111111111111, sa_flags=SA_RESTART|SA_SIGINFO
SIGILL: [libjvm.dylib+0x48b6b0], sa_mask[0]=11111111011111110111111111111111, sa_flags=SA_RESTART|SA_SIGINFO
SIGUSR1: SIG_DFL, sa_mask[0]=00000000000000000000000000000000, sa_flags=none
SIGUSR2: [libjvm.dylib+0x48b1ce], sa_mask[0]=00100000000000000000000000000000, sa_flags=SA_RESTART|SA_SIGINFO
SIGHUP: [libjvm.dylib+0x489759], sa_mask[0]=11111111011111110111111111111111, sa_flags=SA_RESTART|SA_SIGINFO
SIGINT: [libjvm.dylib+0x489759], sa_mask[0]=11111111011111110111111111111111, sa_flags=SA_RESTART|SA_SIGINFO
SIGTERM: [libjvm.dylib+0x489759], sa_mask[0]=11111111011111110111111111111111, sa_flags=SA_RESTART|SA_SIGINFO
SIGQUIT: [libjvm.dylib+0x489759], sa_mask[0]=11111111011111110111111111111111, sa_flags=SA_RESTART|SA_SIGINFO


---------------  S Y S T E M  ---------------

OS:Bsduname:Darwin 17.7.0 Darwin Kernel Version 17.7.0: Fri Jul  6 19:54:51 PDT 2018; root:xnu-4570.71.3~2/RELEASE_X86_64 x86_64
rlimit: STACK 8192k, CORE 0k, NPROC 2837, NOFILE 10240, AS infinity
load average:2.40 2.38 2.36

CPU:total 12 (initial active 12) (6 cores per cpu, 2 threads per core) family 6 model 158 stepping 10, cmov, cx8, fxsr, mmx, sse, sse2, sse3, ssse3, sse4.1, sse4.2, popcnt, avx, avx2, aes, clmul, erms, 3dnowpref, lzcnt, ht, tsc, tscinvbit, bmi1, bmi2, adx

Memory: 4k page, physical 33554432k(773172k free)

/proc/meminfo:


vm_info: Java HotSpot(TM) 64-Bit Server VM (25.191-b12) for bsd-amd64 JRE (1.8.0_191-b12), built on Oct  6 2018 08:37:07 by "java_re" with gcc 4.2.1 (Based on Apple Inc. build 5658) (LLVM build 2336.11.00)

time: Thu Dec  6 02:46:23 2018
elapsed time: 1081 seconds (0d 0h 18m 1s)

